Arguments: 
  /usr/local/bin/node /usr/local/bin/yarn

PATH: 
  /Users/eugene/Library/Android/sdk/platform-tools:/opt/homebrew/bin:/usr/local/bin:/usr/bin:/bin:/usr/sbin:/sbin:/Library/Apple/usr/bin

Yarn version: 
  1.22.10

Node version: 
  14.17.3

Platform: 
  darwin x64

Trace: 
  SyntaxError: /Users/eugene/Documents/projects/chat_ws/chat_back/package.json: Unexpected token } in JSON at position 237
      at JSON.parse (<anonymous>)
      at /usr/local/lib/node_modules/yarn/lib/cli.js:1625:59
      at Generator.next (<anonymous>)
      at step (/usr/local/lib/node_modules/yarn/lib/cli.js:310:30)
      at /usr/local/lib/node_modules/yarn/lib/cli.js:321:13

npm manifest: 
  {
    "name": "chat_back",
    "version": "1.0.0",
    "description": "",
    "main": "index.js",
    "scripts": {
      "start-dev": "nodemon --inspect dist/app.js",
      "watch-dev": "tsc -w",
      "build": "tsc",
      "start": "node dist/app.js",
    },
    "dependencies": {
      "@types/node": "^16.6.1",
      "nodemon": "^2.0.12",
      "typescript": "^4.1.2"
    },
    "author": "",
    "license": "ISC"
  }

yarn manifest: 
  No manifest

Lockfile: 
  No lockfile
